<?xml version="1.0" encoding="UTF-8"?>
<!-- Generated by org.testng.reporters.JUnitReportReporter -->
<testsuite hostname="DESKTOP-U94HBBU" failures="0" tests="1" name="test.ZeordhaSignUpPage" time="19.590" errors="0" timestamp="2022-07-18T19:24:18 IST" skipped="0">
  <testcase classname="test.ZeordhaSignUpPage" name="clickOnSignUp" time="19.590"/>
  <system-out/>
</testsuite> <!-- test.ZeordhaSignUpPage -->
