<?xml version="1.0" encoding="UTF-8"?>
<!-- Generated by org.testng.reporters.JUnitReportReporter -->
<testsuite hostname="DESKTOP-U94HBBU" failures="0" tests="2" name="test.SampleGit" time="0.020" errors="0" timestamp="2022-08-20T18:23:35 IST" skipped="0">
  <testcase classname="test.SampleGit" name="hello" time="0.017"/>
  <system-out/>
  <testcase classname="test.SampleGit" name="xyz" time="0.003"/>
  <system-out/>
</testsuite> <!-- test.SampleGit -->
